<?xml version="1.0" encoding="UTF-8"?>
<testsuite name="pl.hentaininja.herocrud.HeroMockTest" time="0.132" tests="6" errors="6" skipped="0" failures="0">
  <properties>
[...]
</properties>
  <testcase name="checkDeleting" classname="pl.hentaininja.herocrud.HeroMockTest" time="0.119">
    <error message="java.net.ConnectException: Connection refused (Connection refused)" type="java.sql.SQLTransientConnectionException"><![CDATA[java.sql.SQLTransientConnectionException: java.net.ConnectException: Connection refused (Connection refused)
	at java.net.PlainSocketImpl.socketConnect(Native Method)
	at java.net.AbstractPlainSocketImpl.doConnect(AbstractPlainSocketImpl.java:350)
	at java.net.AbstractPlainSocketImpl.connectToAddress(AbstractPlainSocketImpl.java:206)
	at java.net.AbstractPlainSocketImpl.connect(AbstractPlainSocketImpl.java:188)
	at java.net.SocksSocketImpl.connect(SocksSocketImpl.java:392)
	at java.net.Socket.connect(Socket.java:589)
	at java.net.Socket.connect(Socket.java:538)
	at java.net.Socket.<init>(Socket.java:434)
	at java.net.Socket.<init>(Socket.java:211)
	at org.hsqldb.server.HsqlSocketFactory.createSocket(Unknown Source)
	at org.hsqldb.ClientConnection.openConnection(Unknown Source)
	at org.hsqldb.ClientConnection.initConnection(Unknown Source)
	at org.hsqldb.ClientConnection.<init>(Unknown Source)
	at org.hsqldb.jdbc.JDBCConnection.<init>(Unknown Source)
	at org.hsqldb.jdbc.JDBCDriver.getConnection(Unknown Source)
	at org.hsqldb.jdbc.JDBCDriver.connect(Unknown Source)
	at java.sql.DriverManager.getConnection(DriverManager.java:664)
	at java.sql.DriverManager.getConnection(DriverManager.java:270)
	at pl.hentaininja.herocrud.repository.HeroRepositoryImpl.<init>(HeroRepositoryImpl.java:39)
	at pl.hentaininja.herocrud.HeroMockTest.setupDatabase(HeroMockTest.java:55)
]]></error>
  </testcase>
  <testcase name="getByIdTest" classname="pl.hentaininja.herocrud.HeroMockTest" time="0.003">
    <error message="java.net.ConnectException: Connection refused (Connection refused)" type="java.sql.SQLTransientConnectionException"><![CDATA[java.sql.SQLTransientConnectionException: java.net.ConnectException: Connection refused (Connection refused)
	at java.net.PlainSocketImpl.socketConnect(Native Method)
	at java.net.AbstractPlainSocketImpl.doConnect(AbstractPlainSocketImpl.java:350)
	at java.net.AbstractPlainSocketImpl.connectToAddress(AbstractPlainSocketImpl.java:206)
	at java.net.AbstractPlainSocketImpl.connect(AbstractPlainSocketImpl.java:188)
	at java.net.SocksSocketImpl.connect(SocksSocketImpl.java:392)
	at java.net.Socket.connect(Socket.java:589)
	at java.net.Socket.connect(Socket.java:538)
	at java.net.Socket.<init>(Socket.java:434)
	at java.net.Socket.<init>(Socket.java:211)
	at org.hsqldb.server.HsqlSocketFactory.createSocket(Unknown Source)
	at org.hsqldb.ClientConnection.openConnection(Unknown Source)
	at org.hsqldb.ClientConnection.initConnection(Unknown Source)
	at org.hsqldb.ClientConnection.<init>(Unknown Source)
	at org.hsqldb.jdbc.JDBCConnection.<init>(Unknown Source)
	at org.hsqldb.jdbc.JDBCDriver.getConnection(Unknown Source)
	at org.hsqldb.jdbc.JDBCDriver.connect(Unknown Source)
	at java.sql.DriverManager.getConnection(DriverManager.java:664)
	at java.sql.DriverManager.getConnection(DriverManager.java:270)
	at pl.hentaininja.herocrud.repository.HeroRepositoryImpl.<init>(HeroRepositoryImpl.java:39)
	at pl.hentaininja.herocrud.HeroMockTest.setupDatabase(HeroMockTest.java:55)
]]></error>
  </testcase>
  <testcase name="checkUpdating" classname="pl.hentaininja.herocrud.HeroMockTest" time="0.003">
    <error message="java.net.ConnectException: Connection refused (Connection refused)" type="java.sql.SQLTransientConnectionException"><![CDATA[java.sql.SQLTransientConnectionException: java.net.ConnectException: Connection refused (Connection refused)
	at java.net.PlainSocketImpl.socketConnect(Native Method)
	at java.net.AbstractPlainSocketImpl.doConnect(AbstractPlainSocketImpl.java:350)
	at java.net.AbstractPlainSocketImpl.connectToAddress(AbstractPlainSocketImpl.java:206)
	at java.net.AbstractPlainSocketImpl.connect(AbstractPlainSocketImpl.java:188)
	at java.net.SocksSocketImpl.connect(SocksSocketImpl.java:392)
	at java.net.Socket.connect(Socket.java:589)
	at java.net.Socket.connect(Socket.java:538)
	at java.net.Socket.<init>(Socket.java:434)
	at java.net.Socket.<init>(Socket.java:211)
	at org.hsqldb.server.HsqlSocketFactory.createSocket(Unknown Source)
	at org.hsqldb.ClientConnection.openConnection(Unknown Source)
	at org.hsqldb.ClientConnection.initConnection(Unknown Source)
	at org.hsqldb.ClientConnection.<init>(Unknown Source)
	at org.hsqldb.jdbc.JDBCConnection.<init>(Unknown Source)
	at org.hsqldb.jdbc.JDBCDriver.getConnection(Unknown Source)
	at org.hsqldb.jdbc.JDBCDriver.connect(Unknown Source)
	at java.sql.DriverManager.getConnection(DriverManager.java:664)
	at java.sql.DriverManager.getConnection(DriverManager.java:270)
	at pl.hentaininja.herocrud.repository.HeroRepositoryImpl.<init>(HeroRepositoryImpl.java:39)
	at pl.hentaininja.herocrud.HeroMockTest.setupDatabase(HeroMockTest.java:55)
]]></error>
  </testcase>
  <testcase name="getAllTest" classname="pl.hentaininja.herocrud.HeroMockTest" time="0.002">
    <error message="java.net.ConnectException: Connection refused (Connection refused)" type="java.sql.SQLTransientConnectionException"><![CDATA[java.sql.SQLTransientConnectionException: java.net.ConnectException: Connection refused (Connection refused)
	at java.net.PlainSocketImpl.socketConnect(Native Method)
	at java.net.AbstractPlainSocketImpl.doConnect(AbstractPlainSocketImpl.java:350)
	at java.net.AbstractPlainSocketImpl.connectToAddress(AbstractPlainSocketImpl.java:206)
	at java.net.AbstractPlainSocketImpl.connect(AbstractPlainSocketImpl.java:188)
	at java.net.SocksSocketImpl.connect(SocksSocketImpl.java:392)
	at java.net.Socket.connect(Socket.java:589)
	at java.net.Socket.connect(Socket.java:538)
	at java.net.Socket.<init>(Socket.java:434)
	at java.net.Socket.<init>(Socket.java:211)
	at org.hsqldb.server.HsqlSocketFactory.createSocket(Unknown Source)
	at org.hsqldb.ClientConnection.openConnection(Unknown Source)
	at org.hsqldb.ClientConnection.initConnection(Unknown Source)
	at org.hsqldb.ClientConnection.<init>(Unknown Source)
	at org.hsqldb.jdbc.JDBCConnection.<init>(Unknown Source)
	at org.hsqldb.jdbc.JDBCDriver.getConnection(Unknown Source)
	at org.hsqldb.jdbc.JDBCDriver.connect(Unknown Source)
	at java.sql.DriverManager.getConnection(DriverManager.java:664)
	at java.sql.DriverManager.getConnection(DriverManager.java:270)
	at pl.hentaininja.herocrud.repository.HeroRepositoryImpl.<init>(HeroRepositoryImpl.java:39)
	at pl.hentaininja.herocrud.HeroMockTest.setupDatabase(HeroMockTest.java:55)
]]></error>
  </testcase>
  <testcase name="checkAdding" classname="pl.hentaininja.herocrud.HeroMockTest" time="0.002">
    <error message="java.net.ConnectException: Connection refused (Connection refused)" type="java.sql.SQLTransientConnectionException"><![CDATA[java.sql.SQLTransientConnectionException: java.net.ConnectException: Connection refused (Connection refused)
	at java.net.PlainSocketImpl.socketConnect(Native Method)
	at java.net.AbstractPlainSocketImpl.doConnect(AbstractPlainSocketImpl.java:350)
	at java.net.AbstractPlainSocketImpl.connectToAddress(AbstractPlainSocketImpl.java:206)
	at java.net.AbstractPlainSocketImpl.connect(AbstractPlainSocketImpl.java:188)
	at java.net.SocksSocketImpl.connect(SocksSocketImpl.java:392)
	at java.net.Socket.connect(Socket.java:589)
	at java.net.Socket.connect(Socket.java:538)
	at java.net.Socket.<init>(Socket.java:434)
	at java.net.Socket.<init>(Socket.java:211)
	at org.hsqldb.server.HsqlSocketFactory.createSocket(Unknown Source)
	at org.hsqldb.ClientConnection.openConnection(Unknown Source)
	at org.hsqldb.ClientConnection.initConnection(Unknown Source)
	at org.hsqldb.ClientConnection.<init>(Unknown Source)
	at org.hsqldb.jdbc.JDBCConnection.<init>(Unknown Source)
	at org.hsqldb.jdbc.JDBCDriver.getConnection(Unknown Source)
	at org.hsqldb.jdbc.JDBCDriver.connect(Unknown Source)
	at java.sql.DriverManager.getConnection(DriverManager.java:664)
	at java.sql.DriverManager.getConnection(DriverManager.java:270)
	at pl.hentaininja.herocrud.repository.HeroRepositoryImpl.<init>(HeroRepositoryImpl.java:39)
	at pl.hentaininja.herocrud.HeroMockTest.setupDatabase(HeroMockTest.java:55)
]]></error>
  </testcase>
  <testcase name="getByName" classname="pl.hentaininja.herocrud.HeroMockTest" time="0.003">
    <error message="java.net.ConnectException: Connection refused (Connection refused)" type="java.sql.SQLTransientConnectionException"><![CDATA[java.sql.SQLTransientConnectionException: java.net.ConnectException: Connection refused (Connection refused)
	at java.net.PlainSocketImpl.socketConnect(Native Method)
	at java.net.AbstractPlainSocketImpl.doConnect(AbstractPlainSocketImpl.java:350)
	at java.net.AbstractPlainSocketImpl.connectToAddress(AbstractPlainSocketImpl.java:206)
	at java.net.AbstractPlainSocketImpl.connect(AbstractPlainSocketImpl.java:188)
	at java.net.SocksSocketImpl.connect(SocksSocketImpl.java:392)
	at java.net.Socket.connect(Socket.java:589)
	at java.net.Socket.connect(Socket.java:538)
	at java.net.Socket.<init>(Socket.java:434)
	at java.net.Socket.<init>(Socket.java:211)
	at org.hsqldb.server.HsqlSocketFactory.createSocket(Unknown Source)
	at org.hsqldb.ClientConnection.openConnection(Unknown Source)
	at org.hsqldb.ClientConnection.initConnection(Unknown Source)
	at org.hsqldb.ClientConnection.<init>(Unknown Source)
	at org.hsqldb.jdbc.JDBCConnection.<init>(Unknown Source)
	at org.hsqldb.jdbc.JDBCDriver.getConnection(Unknown Source)
	at org.hsqldb.jdbc.JDBCDriver.connect(Unknown Source)
	at java.sql.DriverManager.getConnection(DriverManager.java:664)
	at java.sql.DriverManager.getConnection(DriverManager.java:270)
	at pl.hentaininja.herocrud.repository.HeroRepositoryImpl.<init>(HeroRepositoryImpl.java:39)
	at pl.hentaininja.herocrud.HeroMockTest.setupDatabase(HeroMockTest.java:55)
]]></error>
  </testcase>
</testsuite>